<?xml version="1.0" encoding="UTF-8"?>
<testng-results ignored="0" total="2" passed="2" failed="0" skipped="0">
  <reporter-output>
  </reporter-output>
  <suite started-at="2023-11-22T13:11:51 IST" name="Suite" finished-at="2023-11-22T13:17:01 IST" duration-ms="310606">
    <groups>
    </groups>
    <test started-at="2023-11-22T13:11:51 IST" name="Test1" finished-at="2023-11-22T13:17:01 IST" duration-ms="310606">
      <class name="Tasks.Task2">
        <test-method is-config="true" signature="setup()[pri:0, instance:Tasks.Task2@2f651f93]" started-at="2023-11-22T13:11:51 IST" name="setup" finished-at="2023-11-22T13:12:10 IST" duration-ms="19074" status="PASS">
          <reporter-output>
          </reporter-output>
        </test-method> <!-- setup -->
        <test-method signature="signClick()[pri:1, instance:Tasks.Task2@2f651f93]" started-at="2023-11-22T13:12:10 IST" name="signClick" finished-at="2023-11-22T13:12:14 IST" duration-ms="3955" status="PASS">
          <reporter-output>
          </reporter-output>
        </test-method> <!-- signClick -->
        <test-method signature="SignUP()[pri:2, instance:Tasks.Task2@2f651f93]" started-at="2023-11-22T13:12:14 IST" name="SignUP" finished-at="2023-11-22T13:17:01 IST" duration-ms="287457" status="PASS">
          <reporter-output>
          </reporter-output>
        </test-method> <!-- SignUP -->
        <test-method is-config="true" signature="close()[pri:0, instance:Tasks.Task2@2f651f93]" started-at="2023-11-22T13:17:01 IST" name="close" finished-at="2023-11-22T13:17:01 IST" duration-ms="2" status="PASS">
          <reporter-output>
          </reporter-output>
        </test-method> <!-- close -->
      </class> <!-- Tasks.Task2 -->
    </test> <!-- Test1 -->
  </suite> <!-- Suite -->
</testng-results>
